


ARM Macro Assembler    Page 1 


    1 00000000         ; Print.s
    2 00000000         ; Student names: change this to your names or look very 
                       silly
    3 00000000         ; Last modification date: change this to the last modifi
                       cation date or look very silly
    4 00000000         ; Runs on LM4F120 or TM4C123
    5 00000000         ; EE319K lab 7 device driver for any LCD
    6 00000000         ;
    7 00000000         ; As part of Lab 7, students need to implement these LCD
                       _OutDec and LCD_OutFix
    8 00000000         ; This driver assumes two low-level LCD functions
    9 00000000         ; ST7735_OutChar   outputs a single 8-bit ASCII characte
                       r
   10 00000000         ; ST7735_OutString outputs a null-terminated string 
   11 00000000                 PRESERVE8
   12 00000000         
   13 00000000                 IMPORT           ST7735_OutChar
   14 00000000                 IMPORT           ST7735_OutString
   15 00000000                 EXPORT           LCD_OutDec
   16 00000000                 EXPORT           LCD_OutFix
   17 00000000         
   18 00000000         ;binding
   19 00000000 00000000 
                       ST      EQU              0
   20 00000000 00000004 
                       ST2     EQU              4
   21 00000000         
   22 00000000                 AREA             |.text|, CODE, READONLY, ALIGN=
2
   23 00000000                 THUMB
   24 00000000         
   25 00000000         
   26 00000000         
   27 00000000         ;-----------------------LCD_OutDec----------------------
                       -
   28 00000000         ; Output a 32-bit number in unsigned decimal format
   29 00000000         ; Input: R0 (call by value) 32-bit unsigned number
   30 00000000         ; Output: none
   31 00000000         ; Invariables: This function must not permanently modify
                        registers R4 to R11
   32 00000000         LCD_OutDec
   33 00000000         ; lab 7 code
   34 00000000         
   35 00000000 E92D 4FF0       PUSH{R4-R11,     LR}         ;PUSH LINK REGISTER
                                                            
   36 00000004 B082            SUB              SP, #8
   37 00000006 280A            CMP              R0, #10     ;COMPARE IF RO < 10
                                                            
   38 00000008 D310            BLO              DONE        ;IF SO SKIP
   39 0000000A F04F 020A       MOV              R2, #10     ;R2 = 10
   40 0000000E FBB0 F3F2       UDIV             R3, R0, R2  ;R0/10 = R3
   41 00000012 FB03 F102       MUL              R1, R3, R2  ;R3 * 10 FOR PLACE 
                                                            VALUE
   42 00000016 EBA0 0101       SUB              R1, R0, R1  ;R0
   43 0000001A F04F 0B00       MOV              R11, #ST
   44 0000001E         ;PUSH{R1} ;PUSH R1 BEACUSE THE WAY THE PRINT FUNNCTION W
                       ORKS, IT HAS TO READ FROM THE STACK
   45 0000001E F80D 100B       STRB             R1, [SP, R11] ;STORE R1 ONTO TH
                                                            E STACK



ARM Macro Assembler    Page 2 


   46 00000022 0018            MOVS             R0, R3      ;CLONE R3 BECAUSE Y
                                                            OU KEEP GOING WITH 
                                                            REMAINDER
   47 00000024 F7FF FFFE       BL               LCD_OutDec  ;LOOP FOR THE NEXT 
                                                            CHARACTER
   48 00000028 F81D 000B       LDRB             R0, [SP, R11]
   49 0000002C         ;POP{R0} ;POP R0, BECAUSE
   50 0000002C         DONE
   51 0000002C F100 0030       ADD              R0, #'0'    ;ADD THE ASCII VALU
                                                            E TO R0
   52 00000030 F7FF FFFE       BL               ST7735_OutChar ;RUN THE PRINT C
                                                            OMMAND
   53 00000034 B002            ADD              SP, #8
   54 00000036 E8BD 4FF0       POP{R4-R11,      LR}         ;PUT BACK THE PRINT
                                                             FUNCTION
   55 0000003A         
   56 0000003A 4770            BX               LR
   57 0000003C         ;* * * * * * * * End of LCD_OutDec * * * * * * * *
   58 0000003C         
   59 0000003C         ; -----------------------LCD _OutFix--------------------
                       --
   60 0000003C         ; Output characters to LCD display in fixed-point format
                       
   61 0000003C         ; unsigned decimal, resolution 0.001, range 0.000 to 9.9
                       99
   62 0000003C         ; Inputs:  R0 is an unsigned 32-bit number
   63 0000003C         ; Outputs: none
   64 0000003C         ; E.g., R0=0,    then output "0.000 "
   65 0000003C         ;       R0=3,    then output "0.003 "
   66 0000003C         ;       R0=89,   then output "0.089 "
   67 0000003C         ;       R0=123,  then output "0.123 "
   68 0000003C         ;       R0=9999, then output "9.999 "
   69 0000003C         ;       R0>9999, then output "*.*** "
   70 0000003C         ; Invariables: This function must not permanently modify
                        registers R4 to R11
   71 0000003C         LCD_OutFix
   72 0000003C         ; lab 7 code
   73 0000003C         
   74 0000003C E92D 4FF0       PUSH{R4-R11,     LR}         ;PUSH LINK REGISTER
                                                            
   75 00000040 B082            SUB              SP, #8
   76 00000042 F04F 0B04       MOV              R11, #ST2
   77 00000046 F242 710F       MOV              R1, #9999
   78 0000004A 4288            CMP              R0, R1      ;COMPARE IF RO < 10
                                                            
   79 0000004C D83A            BHI              LARGE       ;IF SO SKIP
   80 0000004E         
   81 0000004E         
   82 0000004E F44F 717A       MOV              R1, #1000
   83 00000052 4602            MOV              R2, R0
   84 00000054 FBB0 F0F1       UDIV             R0, R1
   85 00000058 FB01 F100       MUL              R1, R0
   86 0000005C EBA2 0201       SUB              R2, R1
   87 00000060 F100 0030       ADD              R0, #0x30
   88 00000064         
   89 00000064 B504            PUSH{LR,         R2}
   90 00000066 F7FF FFFE       BL               ST7735_OutChar
   91 0000006A F04F 002E       MOV              R0, #"."
   92 0000006E F7FF FFFE       BL               ST7735_OutChar



ARM Macro Assembler    Page 3 


   93 00000072 E8BD 4004       POP              {LR, R2}
   94 00000076 F04F 0164       MOV              R1, #100
   95 0000007A FBB2 F0F1       UDIV             R0,R2, R1
   96 0000007E FB01 F100       MUL              R1, R0
   97 00000082 EBA2 0201       SUB              R2, R1
   98 00000086 F100 0030       ADD              R0, #0x30
   99 0000008A         
  100 0000008A B504            PUSH{LR,         R2}
  101 0000008C F7FF FFFE       BL               ST7735_OutChar
  102 00000090 E8BD 4004       POP              {LR, R2}
  103 00000094 F04F 010A       MOV              R1, #10
  104 00000098 FBB2 F0F1       UDIV             R0,R2, R1
  105 0000009C FB01 F100       MUL              R1, R0
  106 000000A0 EBA2 0201       SUB              R2, R1
  107 000000A4 F100 0030       ADD              R0, #0x30
  108 000000A8         
  109 000000A8 B504            PUSH{LR,         R2}
  110 000000AA F7FF FFFE       BL               ST7735_OutChar
  111 000000AE E8BD 4004       POP              {LR, R2}
  112 000000B2 4610            MOV              R0, R2
  113 000000B4 F100 0030       ADD              R0, #0x30
  114 000000B8         
  115 000000B8 B504            PUSH{LR,         R2}
  116 000000BA F7FF FFFE       BL               ST7735_OutChar
  117 000000BE E8BD 4004       POP              {LR, R2}
  118 000000C2 4770            BX               LR
  119 000000C4         
  120 000000C4         LARGE
  121 000000C4 F04F 002A       MOV              R0, #'*'
  122 000000C8 F80D 000B       STRB             R0, [SP, R11] ;STORE R1 ONTO TH
                                                            E STACK
  123 000000CC F7FF FFFE       BL               ST7735_OutChar ;RUN THE PRINT C
                                                            OMMAND
  124 000000D0 F81D 000B       LDRB             R0, [SP, R11]
  125 000000D4         ;ADD R11, #1
  126 000000D4         
  127 000000D4 F04F 002E       MOV              R0, #'.'
  128 000000D8 F80D 000B       STRB             R0, [SP, R11] ;STORE R1 ONTO TH
                                                            E STACK
  129 000000DC F7FF FFFE       BL               ST7735_OutChar ;RUN THE PRINT C
                                                            OMMAND
  130 000000E0 F81D 000B       LDRB             R0, [SP, R11]
  131 000000E4         ;ADD R11, #1
  132 000000E4         
  133 000000E4 F04F 002A       MOV              R0, #'*'
  134 000000E8 F80D 000B       STRB             R0, [SP, R11] ;STORE R1 ONTO TH
                                                            E STACK
  135 000000EC F7FF FFFE       BL               ST7735_OutChar ;RUN THE PRINT C
                                                            OMMAND
  136 000000F0 F81D 000B       LDRB             R0, [SP, R11]
  137 000000F4         ;ADD R11, #1
  138 000000F4         
  139 000000F4 F04F 002A       MOV              R0, #'*'
  140 000000F8 F80D 000B       STRB             R0, [SP, R11] ;STORE R1 ONTO TH
                                                            E STACK
  141 000000FC F7FF FFFE       BL               ST7735_OutChar ;RUN THE PRINT C
                                                            OMMAND
  142 00000100 F81D 000B       LDRB             R0, [SP, R11]
  143 00000104         ;ADD R11, #1



ARM Macro Assembler    Page 4 


  144 00000104         
  145 00000104 F04F 002A       MOV              R0, #'*'
  146 00000108 F80D 000B       STRB             R0, [SP, R11] ;STORE R1 ONTO TH
                                                            E STACK
  147 0000010C F7FF FFFE       BL               ST7735_OutChar ;RUN THE PRINT C
                                                            OMMAND
  148 00000110 F81D 000B       LDRB             R0, [SP, R11]
  149 00000114         ;ADD R11, #1
  150 00000114         
  151 00000114 B002            ADD              SP, #8
  152 00000116 E8BD 4FF0       POP{R4-R11,      LR}         ;PUT BACK THE PRINT
                                                             FUNCTION
  153 0000011A         
  154 0000011A 4770            BX               LR
  155 0000011C         
  156 0000011C                 ALIGN
  157 0000011C         ;* * * * * * * * End of LCD_OutFix * * * * * * * *
  158 0000011C         
  159 0000011C                 ALIGN                        ; make sure the end
                                                             of this section is
                                                             aligned
  160 0000011C                 END                          ; end of file
Command Line: --debug --xref --diag_suppress=9931 --cpu=Cortex-M4 --apcs=interw
ork --depend=.\print.d -o.\print.o -I.\RTE\_Lab7 -IC:\Users\achen\AppData\Local
\Arm\Packs\ARM\CMSIS\5.8.0\CMSIS\Core\Include -IC:\Users\achen\AppData\Local\Ar
m\Packs\Keil\TM4C_DFP\1.1.0\Device\Include\TM4C123 --predefine="__EVAL SETA 1" 
--predefine="__MICROLIB SETA 1" --predefine="__UVISION_VERSION SETA 536" --pred
efine="_RTE_ SETA 1" --predefine="TM4C123GH6PM SETA 1" --predefine="_RTE_ SETA 
1" --list=.\print.lst Print.s



ARM Macro Assembler    Page 1 Alphabetic symbol ordering
Relocatable symbols

.text 00000000

Symbol: .text
   Definitions
      At line 22 in file Print.s
   Uses
      None
Comment: .text unused
DONE 0000002C

Symbol: DONE
   Definitions
      At line 50 in file Print.s
   Uses
      At line 38 in file Print.s
Comment: DONE used once
LARGE 000000C4

Symbol: LARGE
   Definitions
      At line 120 in file Print.s
   Uses
      At line 79 in file Print.s
Comment: LARGE used once
LCD_OutDec 00000000

Symbol: LCD_OutDec
   Definitions
      At line 32 in file Print.s
   Uses
      At line 15 in file Print.s
      At line 47 in file Print.s

LCD_OutFix 0000003C

Symbol: LCD_OutFix
   Definitions
      At line 71 in file Print.s
   Uses
      At line 16 in file Print.s
Comment: LCD_OutFix used once
5 symbols



ARM Macro Assembler    Page 1 Alphabetic symbol ordering
Absolute symbols

ST 00000000

Symbol: ST
   Definitions
      At line 19 in file Print.s
   Uses
      At line 43 in file Print.s
Comment: ST used once
ST2 00000004

Symbol: ST2
   Definitions
      At line 20 in file Print.s
   Uses
      At line 76 in file Print.s
Comment: ST2 used once
2 symbols



ARM Macro Assembler    Page 1 Alphabetic symbol ordering
External symbols

ST7735_OutChar 00000000

Symbol: ST7735_OutChar
   Definitions
      At line 13 in file Print.s
   Uses
      At line 52 in file Print.s
      At line 90 in file Print.s
      At line 92 in file Print.s
      At line 101 in file Print.s
      At line 110 in file Print.s
      At line 116 in file Print.s
      At line 123 in file Print.s
      At line 129 in file Print.s
      At line 135 in file Print.s
      At line 141 in file Print.s
      At line 147 in file Print.s

ST7735_OutString 00000000

Symbol: ST7735_OutString
   Definitions
      At line 14 in file Print.s
   Uses
      None
Comment: ST7735_OutString unused
2 symbols
344 symbols in table
