


ARM Macro Assembler    Page 1 


    1 00000000         ;****************** Lab1.s ***************
    2 00000000         ; Program initially written by: Yerraballi and Valvano
    3 00000000         ; Author: Chieh-An Chen
    4 00000000         ; Date Created: 1/15/2018 
    5 00000000         ; Last Modified: 1/10/2022
    6 00000000         ; Brief description of the program: Solution to Lab1
    7 00000000         ; The objective of this system is to implement a parity 
                       system
    8 00000000         ; Hardware connections: 
    9 00000000         ;  One output is positive logic, 1 turns on the LED, 0 t
                       urns off the LED
   10 00000000         ;  Three inputs are positive logic, meaning switch not p
                       ressed is 0, pressed is 1
   11 00000000 400073FC 
                       GPIO_PORTD_DATA_R
                               EQU              0x400073FC
   12 00000000 40007400 
                       GPIO_PORTD_DIR_R
                               EQU              0x40007400
   13 00000000 4000751C 
                       GPIO_PORTD_DEN_R
                               EQU              0x4000751C
   14 00000000 400243FC 
                       GPIO_PORTE_DATA_R
                               EQU              0x400243FC
   15 00000000 40024400 
                       GPIO_PORTE_DIR_R
                               EQU              0x40024400
   16 00000000 4002451C 
                       GPIO_PORTE_DEN_R
                               EQU              0x4002451C
   17 00000000 400FE608 
                       SYSCTL_RCGCGPIO_R
                               EQU              0x400FE608
   18 00000000                 PRESERVE8
   19 00000000                 AREA             Data, ALIGN=4
   20 00000000         ; No global variables needed
   21 00000000         
   22 00000000                 ALIGN            4
   23 00000000                 AREA             |.text|, CODE, READONLY, ALIGN=
2
   24 00000000                 THUMB
   25 00000000                 EXPORT           EID
   26 00000000 63 63 36 
              37 39 39 
              34 00    EID     DCB              "cc67994",0 ;replace abc123 wit
                                                            h your EID
   27 00000008                 EXPORT           RunGrader
   28 00000008                 ALIGN            4
   29 00000008 00000001 
                       RunGrader
                               DCD              1           ; change to nonzero
                                                             when ready for gra
                                                            ding
   30 0000000C         
   31 0000000C                 EXPORT           Lab1
   32 0000000C         Lab1
   33 0000000C         ;Initializations
   34 0000000C         PortDInit



ARM Macro Assembler    Page 2 


   35 0000000C 4814            LDR              R0, = SYSCTL_RCGCGPIO_R 
                                                            ;load address
   36 0000000E 6801            LDR              R1, [R0]    ;load contents
   37 00000010 F041 0108       ORR              R1, R1, #8  ;set bit 3 to 1 
   38 00000014 6001            STR              R1, [R0]    ;store back to R0
   39 00000016 BF00            NOP                          ;  stabilize clock 
                                                            signal
   40 00000018 BF00            NOP
   41 0000001A         
   42 0000001A 4812            LDR              R0, =GPIO_PORTD_DIR_R 
                                                            ;direction
   43 0000001C 6801            LDR              R1, [R0]
   44 0000001E F041 0120       ORR              R1, R1, #32 ;sets PD5 to output
                                                            
   45 00000022 F021 0107       BIC              R1, R1, #7  ;sets PD0,1,2 to in
                                                            put
   46 00000026 6001            STR              R1, [R0]
   47 00000028         
   48 00000028 480F            LDR              R0, = GPIO_PORTD_DEN_R ;enable
   49 0000002A 6801            LDR              R1, [R0]
   50 0000002C F041 0127       ORR              R1, R1, #39 ;enable pins 0,1,2,
                                                            3,5
   51 00000030 6001            STR              R1, [R0]
   52 00000032         
   53 00000032         
   54 00000032         loop
   55 00000032         ;input, calculate, output  
   56 00000032 480E            LDR              R0, =GPIO_PORTD_DATA_R
   57 00000034 6801            LDR              R1, [R0]    ; for PD0
   58 00000036 F021 0106       BIC              R1, R1, #6
   59 0000003A         
   60 0000003A 6802            LDR              R2, [R0]    ; for PD1
   61 0000003C F022 0205       BIC              R2, R2, #5
   62 00000040 EA4F 0252       LSR              R2, #1
   63 00000044         
   64 00000044 6803            LDR              R3, [R0]    ; for PD2
   65 00000046 F023 0303       BIC              R3, R3, #3
   66 0000004A EA4F 0393       LSR              R3, #2
   67 0000004E         
   68 0000004E EB01 0402       ADD              R4, R1, R2
   69 00000052 441C            ADD              R4, R4, R3
   70 00000054 F024 0402       BIC              R4, R4, #2
   71 00000058 EA4F 1444       LSL              R4, #5
   72 0000005C         
   73 0000005C         
   74 0000005C 6004            STR              R4, [R0]
   75 0000005E E7E8            B                loop
   76 00000060         
   77 00000060         
   78 00000060         
   79 00000060                 ALIGN                        ; make sure the end
                                                             of this section is
                                                             aligned
   80 00000060                 END                          ; end of file
              400FE608 
              40007400 
              4000751C 
              400073FC 
Command Line: --debug --xref --diag_suppress=9931 --cpu=Cortex-M4 --apcs=interw



ARM Macro Assembler    Page 3 


ork --depend=.\lab1.d -o.\lab1.o -I.\RTE\_Lab1 -IC:\Users\achen\AppData\Local\A
rm\Packs\ARM\CMSIS\5.8.0\CMSIS\Core\Include -IC:\Users\achen\AppData\Local\Arm\
Packs\Keil\TM4C_DFP\1.1.0\Device\Include\TM4C123 --predefine="__EVAL SETA 1" --
predefine="__UVISION_VERSION SETA 536" --predefine="_RTE_ SETA 1" --predefine="
TM4C123GH6PM SETA 1" --predefine="_RTE_ SETA 1" --list=.\lab1.lst Lab1.s



ARM Macro Assembler    Page 1 Alphabetic symbol ordering
Relocatable symbols

Data 00000000

Symbol: Data
   Definitions
      At line 19 in file Lab1.s
   Uses
      None
Comment: Data unused
1 symbol



ARM Macro Assembler    Page 1 Alphabetic symbol ordering
Relocatable symbols

.text 00000000

Symbol: .text
   Definitions
      At line 23 in file Lab1.s
   Uses
      None
Comment: .text unused
EID 00000000

Symbol: EID
   Definitions
      At line 26 in file Lab1.s
   Uses
      At line 25 in file Lab1.s
Comment: EID used once
Lab1 0000000C

Symbol: Lab1
   Definitions
      At line 32 in file Lab1.s
   Uses
      At line 31 in file Lab1.s
Comment: Lab1 used once
PortDInit 0000000C

Symbol: PortDInit
   Definitions
      At line 34 in file Lab1.s
   Uses
      None
Comment: PortDInit unused
RunGrader 00000008

Symbol: RunGrader
   Definitions
      At line 29 in file Lab1.s
   Uses
      At line 27 in file Lab1.s
Comment: RunGrader used once
loop 00000032

Symbol: loop
   Definitions
      At line 54 in file Lab1.s
   Uses
      At line 75 in file Lab1.s
Comment: loop used once
6 symbols



ARM Macro Assembler    Page 1 Alphabetic symbol ordering
Absolute symbols

GPIO_PORTD_DATA_R 400073FC

Symbol: GPIO_PORTD_DATA_R
   Definitions
      At line 11 in file Lab1.s
   Uses
      At line 56 in file Lab1.s
Comment: GPIO_PORTD_DATA_R used once
GPIO_PORTD_DEN_R 4000751C

Symbol: GPIO_PORTD_DEN_R
   Definitions
      At line 13 in file Lab1.s
   Uses
      At line 48 in file Lab1.s
Comment: GPIO_PORTD_DEN_R used once
GPIO_PORTD_DIR_R 40007400

Symbol: GPIO_PORTD_DIR_R
   Definitions
      At line 12 in file Lab1.s
   Uses
      At line 42 in file Lab1.s
Comment: GPIO_PORTD_DIR_R used once
GPIO_PORTE_DATA_R 400243FC

Symbol: GPIO_PORTE_DATA_R
   Definitions
      At line 14 in file Lab1.s
   Uses
      None
Comment: GPIO_PORTE_DATA_R unused
GPIO_PORTE_DEN_R 4002451C

Symbol: GPIO_PORTE_DEN_R
   Definitions
      At line 16 in file Lab1.s
   Uses
      None
Comment: GPIO_PORTE_DEN_R unused
GPIO_PORTE_DIR_R 40024400

Symbol: GPIO_PORTE_DIR_R
   Definitions
      At line 15 in file Lab1.s
   Uses
      None
Comment: GPIO_PORTE_DIR_R unused
SYSCTL_RCGCGPIO_R 400FE608

Symbol: SYSCTL_RCGCGPIO_R
   Definitions
      At line 17 in file Lab1.s
   Uses
      At line 35 in file Lab1.s
Comment: SYSCTL_RCGCGPIO_R used once
7 symbols
350 symbols in table
